2019-09-12 10:49:23,995 <----- Starting multiprocessing scraping ----->
2019-09-12 10:49:25,060 Scraping: https://us.forums.blizzard.com/en/wow/t/dont-buy-the-new-siltwing-albatross-mount-it-vanishes/44125
2019-09-12 10:49:25,062 There are 2 pages for the thread
2019-09-12 10:49:25,062 There are 17 comments for this thread
2019-09-12 10:49:25,063 There are 0 answers to comments for this tread
2019-09-12 10:49:26,632 Scraping: https://us.forums.blizzard.com/en/wow/t/rogues-didn-t-have-to-be-nerfed/252417
2019-09-12 10:49:26,634 There are 5 pages for the thread
2019-09-12 10:49:26,635 There are 64 comments for this thread
2019-09-12 10:49:26,635 There are 50 answers to comments for this tread
2019-09-12 10:49:27,344 Scraping: https://us.forums.blizzard.com/en/wow/t/this-got-to-stop/267531
2019-09-12 10:49:27,345 There are 4 pages for the thread
2019-09-12 10:49:27,345 There are 55 comments for this thread
2019-09-12 10:49:27,345 There are 12 answers to comments for this tread
2019-09-12 10:49:30,358 Scraping: https://us.forums.blizzard.com/en/wow/t/still-not-enough-alliance-in-warmode/54917
2019-09-12 10:49:30,358 There are 7 pages for the thread
2019-09-12 10:49:30,359 There are 105 comments for this thread
2019-09-12 10:49:30,359 There are 37 answers to comments for this tread
2019-09-12 10:49:30,759 Scraping: https://us.forums.blizzard.com/en/wow/t/why-bother-raiding/235554
2019-09-12 10:49:30,759 There are 6 pages for the thread
2019-09-12 10:49:30,760 There are 89 comments for this thread
2019-09-12 10:49:30,760 There are 46 answers to comments for this tread
2019-09-12 10:49:32,494 Scraping: https://us.forums.blizzard.com/en/wow/t/100-pure-paladin-beef/74328
2019-09-12 10:49:32,500 There are 4 pages for the thread
2019-09-12 10:49:32,501 There are 50 comments for this thread
2019-09-12 10:49:32,501 There are 8 answers to comments for this tread
2019-09-12 10:49:33,774 Scraping: https://us.forums.blizzard.com/en/wow/t/what-s-your-ilvl/176075
2019-09-12 10:49:33,775 There are 6 pages for the thread
2019-09-12 10:49:33,775 There are 87 comments for this thread
2019-09-12 10:49:33,775 There are 30 answers to comments for this tread
2019-09-12 10:49:36,356 Scraping: https://us.forums.blizzard.com/en/wow/t/give-us-draenei-rogues-for-once-and-all/222688
2019-09-12 10:49:36,357 There are 5 pages for the thread
2019-09-12 10:49:36,357 There are 69 comments for this thread
2019-09-12 10:49:36,358 There are 20 answers to comments for this tread
2019-09-12 10:49:37,808 Scraping: https://us.forums.blizzard.com/en/wow/t/hottest-warcraft-female-character-ever/93787
2019-09-12 10:49:37,809 There are 10 pages for the thread
2019-09-12 10:49:37,809 There are 164 comments for this thread
2019-09-12 10:49:37,810 There are 52 answers to comments for this tread
2019-09-12 10:49:40,219 Scraping: https://us.forums.blizzard.com/en/wow/t/wow-is-already-in-maintenance-mode/99595
2019-09-12 10:49:40,219 There are 4 pages for the thread
2019-09-12 10:49:40,220 There are 48 comments for this thread
2019-09-12 10:49:40,220 There are 10 answers to comments for this tread
2019-09-12 10:49:40,367 Scraping: https://us.forums.blizzard.com/en/wow/t/6-month-mounts-not-worth-it/158859
2019-09-12 10:49:40,368 There are 7 pages for the thread
2019-09-12 10:49:40,368 There are 119 comments for this thread
2019-09-12 10:49:40,368 There are 77 answers to comments for this tread
2019-09-12 10:49:41,849 Scraping: https://us.forums.blizzard.com/en/wow/t/do-you-miss-buying-gear-from-vendors/248513
2019-09-12 10:49:41,849 There are 3 pages for the thread
2019-09-12 10:49:41,850 There are 37 comments for this thread
2019-09-12 10:49:41,850 There are 11 answers to comments for this tread
2019-09-12 10:49:42,032 Scraping: https://us.forums.blizzard.com/en/wow/t/wrathion-is-hot/240704
2019-09-12 10:49:42,033 There are 3 pages for the thread
2019-09-12 10:49:42,033 There are 23 comments for this thread
2019-09-12 10:49:42,033 There are 2 answers to comments for this tread
2019-09-12 10:49:43,618 Scraping: https://us.forums.blizzard.com/en/wow/t/rp-community-is-awesome/165300
2019-09-12 10:49:43,618 There are 3 pages for the thread
2019-09-12 10:49:43,619 There are 25 comments for this thread
2019-09-12 10:49:43,619 There are 3 answers to comments for this tread
2019-09-12 10:49:43,832 Scraping: https://us.forums.blizzard.com/en/wow/t/forget-8-2-where-is-the-class-balance-patch-pve-or-annoucement-rant/133697
2019-09-12 10:49:43,833 There are 4 pages for the thread
2019-09-12 10:49:43,833 There are 40 comments for this thread
2019-09-12 10:49:43,834 There are 20 answers to comments for this tread
2019-09-12 10:49:45,360 Scraping: https://us.forums.blizzard.com/en/wow/t/ahh-the-joys-of-the-mission-table/26996
2019-09-12 10:49:45,361 There are 3 pages for the thread
2019-09-12 10:49:45,362 There are 33 comments for this thread
2019-09-12 10:49:45,362 There are 12 answers to comments for this tread
2019-09-12 10:49:46,561 Scraping: https://us.forums.blizzard.com/en/wow/t/najatar-puzzles/213833
2019-09-12 10:49:46,561 There are 5 pages for the thread
2019-09-12 10:49:46,562 There are 68 comments for this thread
2019-09-12 10:49:46,562 There are 13 answers to comments for this tread
2019-09-12 10:49:47,368 Scraping: https://us.forums.blizzard.com/en/wow/t/someone-was-or-is-angry/93923
2019-09-12 10:49:47,368 There are 4 pages for the thread
2019-09-12 10:49:47,369 There are 44 comments for this thread
2019-09-12 10:49:47,369 There are 9 answers to comments for this tread
2019-09-12 10:49:48,216 Scraping: https://us.forums.blizzard.com/en/wow/t/i-like-the-new-forums/20652
2019-09-12 10:49:48,216 There are 3 pages for the thread
2019-09-12 10:49:48,217 There are 30 comments for this thread
2019-09-12 10:49:48,217 There are 1 answers to comments for this tread
2019-09-12 10:49:49,004 Scraping: https://us.forums.blizzard.com/en/wow/t/mythic-crucible-of-storms-world-first-for-pieces/165303
2019-09-12 10:49:49,005 There are 3 pages for the thread
2019-09-12 10:49:49,005 There are 38 comments for this thread
2019-09-12 10:49:49,005 There are 16 answers to comments for this tread
2019-09-12 10:49:49,877 Scraping: https://us.forums.blizzard.com/en/wow/t/the-day-of-retribution-has-come-meme-wars-have-started/183202
2019-09-12 10:49:49,877 There are 3 pages for the thread
2019-09-12 10:49:49,877 There are 33 comments for this thread
2019-09-12 10:49:49,878 There are 17 answers to comments for this tread
2019-09-12 10:49:52,154 Scraping: https://us.forums.blizzard.com/en/wow/t/how-to-get-alliance-to-actually-turn-on-war-mode/232931
2019-09-12 10:49:52,155 There are 6 pages for the thread
2019-09-12 10:49:52,155 There are 85 comments for this thread
2019-09-12 10:49:52,155 There are 61 answers to comments for this tread
2019-09-12 10:49:55,064 Scraping: https://us.forums.blizzard.com/en/wow/t/what-are-we-supposed-to-do-with-800-energy-cells/255871
2019-09-12 10:49:55,064 There are 5 pages for the thread
2019-09-12 10:49:55,065 There are 70 comments for this thread
2019-09-12 10:49:55,065 There are 25 answers to comments for this tread
2019-09-12 10:50:00,571 Scraping: https://us.forums.blizzard.com/en/wow/t/might-be-quitting-wow-reason-class-balance/150179
2019-09-12 10:50:00,572 There are 7 pages for the thread
2019-09-12 10:50:00,572 There are 115 comments for this thread
2019-09-12 10:50:00,573 There are 55 answers to comments for this tread
2019-09-12 10:50:03,357 Scraping: https://us.forums.blizzard.com/en/wow/t/why-allied-races-aren-t-thriving/240290
2019-09-12 10:50:03,358 There are 5 pages for the thread
2019-09-12 10:50:03,358 There are 64 comments for this thread
2019-09-12 10:50:03,359 There are 30 answers to comments for this tread
2019-09-12 10:50:04,582 Scraping: https://us.forums.blizzard.com/en/wow/t/what-does-general-think-of-streamers-promoting-classic-while-trashing-bfa/189229
2019-09-12 10:50:04,582 There are 24 pages for the thread
2019-09-12 10:50:04,583 There are 448 comments for this thread
2019-09-12 10:50:04,583 There are 145 answers to comments for this tread
2019-09-12 10:50:06,177 Scraping: https://us.forums.blizzard.com/en/wow/t/the-consequences-of-reducing-the-skill-gap/156765
2019-09-12 10:50:06,177 There are 3 pages for the thread
2019-09-12 10:50:06,178 There are 20 comments for this thread
2019-09-12 10:50:06,178 There are 6 answers to comments for this tread
2019-09-12 10:50:07,326 Scraping: https://us.forums.blizzard.com/en/wow/t/class-and-race-you-dislike-the-most/69404
2019-09-12 10:50:07,326 There are 7 pages for the thread
2019-09-12 10:50:07,327 There are 107 comments for this thread
2019-09-12 10:50:07,327 There are 29 answers to comments for this tread
2019-09-12 10:50:07,853 Scraping: https://us.forums.blizzard.com/en/wow/t/mage-fiery-orbs/88260
2019-09-12 10:50:07,853 There are 3 pages for the thread
2019-09-12 10:50:07,854 There are 33 comments for this thread
2019-09-12 10:50:07,854 There are 6 answers to comments for this tread
2019-09-12 10:50:08,392 Scraping: https://us.forums.blizzard.com/en/wow/t/this-grinds-my-gears/151138
2019-09-12 10:50:08,392 There are 2 pages for the thread
2019-09-12 10:50:08,393 There are 12 comments for this thread
2019-09-12 10:50:08,393 There are 0 answers to comments for this tread
2019-09-12 10:50:08,910 Scraping: https://us.forums.blizzard.com/en/wow/t/where-is-everbody/44470
2019-09-12 10:50:08,910 There are 2 pages for the thread
2019-09-12 10:50:08,911 There are 19 comments for this thread
2019-09-12 10:50:08,911 There are 1 answers to comments for this tread
2019-09-12 10:50:09,593 Scraping: https://us.forums.blizzard.com/en/wow/t/crafting-cosmetic-rewards/20892
2019-09-12 10:50:09,594 There are 2 pages for the thread
2019-09-12 10:50:09,594 There are 19 comments for this thread
2019-09-12 10:50:09,594 There are 1 answers to comments for this tread
2019-09-12 10:50:10,722 Scraping: https://us.forums.blizzard.com/en/wow/t/dragonblight-warfront-to-commemorate-the-memory-of-the-wrathgate-edit/62356
2019-09-12 10:50:10,725 There are 2 pages for the thread
2019-09-12 10:50:10,726 There are 18 comments for this thread
2019-09-12 10:50:10,726 There are 2 answers to comments for this tread
2019-09-12 10:50:10,967 Scraping: https://us.forums.blizzard.com/en/wow/t/ah-addons-should-be-treated-as-botting/126476
2019-09-12 10:50:10,968 There are 4 pages for the thread
2019-09-12 10:50:10,968 There are 47 comments for this thread
2019-09-12 10:50:10,968 There are 8 answers to comments for this tread
2019-09-12 10:50:12,367 Scraping: https://us.forums.blizzard.com/en/wow/t/deathwing-never-damaged-zandalar/216576
2019-09-12 10:50:12,368 There are 3 pages for the thread
2019-09-12 10:50:12,368 There are 20 comments for this thread
2019-09-12 10:50:12,368 There are 4 answers to comments for this tread
2019-09-12 10:50:13,242 Scraping: https://us.forums.blizzard.com/en/wow/t/my-1-reason-for-wanting-classic-and-my-gripe-with-retail/254254
2019-09-12 10:50:13,243 There are 4 pages for the thread
2019-09-12 10:50:13,244 There are 56 comments for this thread
2019-09-12 10:50:13,244 There are 36 answers to comments for this tread
2019-09-12 10:50:15,082 Scraping: https://us.forums.blizzard.com/en/wow/t/if-that-anti-loot-box-bill-passes-how-do-you-think-blizzard-will-respond/190928
2019-09-12 10:50:15,082 There are 5 pages for the thread
2019-09-12 10:50:15,083 There are 62 comments for this thread
2019-09-12 10:50:15,084 There are 39 answers to comments for this tread
2019-09-12 10:50:15,422 Scraping: https://us.forums.blizzard.com/en/wow/t/i-tried-out-shadowbringers/213354
2019-09-12 10:50:15,423 There are 4 pages for the thread
2019-09-12 10:50:15,423 There are 55 comments for this thread
2019-09-12 10:50:15,423 There are 42 answers to comments for this tread
2019-09-12 10:50:16,976 Scraping: https://us.forums.blizzard.com/en/wow/t/fix-this-lag-already/72268
2019-09-12 10:50:16,977 There are 3 pages for the thread
2019-09-12 10:50:16,977 There are 23 comments for this thread
2019-09-12 10:50:16,977 There are 3 answers to comments for this tread
2019-09-12 10:50:18,406 Scraping: https://us.forums.blizzard.com/en/wow/t/zandalari-are-divine/170898
2019-09-12 10:50:18,407 There are 6 pages for the thread
2019-09-12 10:50:18,407 There are 90 comments for this thread
2019-09-12 10:50:18,407 There are 24 answers to comments for this tread
2019-09-12 10:50:19,036 Scraping: https://us.forums.blizzard.com/en/wow/t/since-blizzard-is-so-worried-about-played-time-they-should/243588
2019-09-12 10:50:19,037 There are 4 pages for the thread
2019-09-12 10:50:19,037 There are 44 comments for this thread
2019-09-12 10:50:19,038 There are 4 answers to comments for this tread
2019-09-12 10:50:20,428 Scraping: https://us.forums.blizzard.com/en/wow/t/just-spent-thousands-on-120-heirlooms-but-they-are-useless-without-flying/123298
2019-09-12 10:50:20,430 There are 4 pages for the thread
2019-09-12 10:50:20,431 There are 43 comments for this thread
2019-09-12 10:50:20,432 There are 9 answers to comments for this tread
2019-09-12 10:50:21,544 Scraping: https://us.forums.blizzard.com/en/wow/t/lvl-50-azerite-need-alternative-reward-for-wasted-ap/160558
2019-09-12 10:50:21,545 There are 2 pages for the thread
2019-09-12 10:50:21,546 There are 11 comments for this thread
2019-09-12 10:50:21,546 There are 1 answers to comments for this tread
2019-09-12 10:50:21,615 Scraping: https://us.forums.blizzard.com/en/wow/t/im-poor-and-guildless-yet-i-have-to-pay-why/41760
2019-09-12 10:50:21,616 There are 5 pages for the thread
2019-09-12 10:50:21,617 There are 63 comments for this thread
2019-09-12 10:50:21,617 There are 14 answers to comments for this tread
2019-09-12 10:50:26,264 Scraping: https://us.forums.blizzard.com/en/wow/t/bans-for-draught-of-ten-lands/132651
2019-09-12 10:50:26,264 There are 8 pages for the thread
2019-09-12 10:50:26,264 There are 116 comments for this thread
2019-09-12 10:50:26,265 There are 49 answers to comments for this tread
2019-09-12 10:50:27,645 Scraping: https://us.forums.blizzard.com/en/wow/t/why-pick-a-warrior-over-a-demon-hunter/118460
2019-09-12 10:50:27,645 There are 11 pages for the thread
2019-09-12 10:50:27,646 There are 178 comments for this thread
2019-09-12 10:50:27,646 There are 32 answers to comments for this tread
2019-09-12 10:50:27,804 Scraping: https://us.forums.blizzard.com/en/wow/t/list-of-things-more-vengeful-than-the-8-1-patch/40751
2019-09-12 10:50:27,805 There are 3 pages for the thread
2019-09-12 10:50:27,805 There are 28 comments for this thread
2019-09-12 10:50:27,805 There are 3 answers to comments for this tread
2019-09-12 10:50:28,838 Scraping: https://us.forums.blizzard.com/en/wow/t/worgen-and-goblin-monks-8-25/237380
2019-09-12 10:50:28,838 There are 2 pages for the thread
2019-09-12 10:50:28,839 There are 14 comments for this thread
2019-09-12 10:50:28,839 There are 2 answers to comments for this tread
2019-09-12 10:50:29,861 Scraping: https://us.forums.blizzard.com/en/wow/t/death-knight-isnt-fun/242256
2019-09-12 10:50:29,862 There are 4 pages for the thread
2019-09-12 10:50:29,862 There are 47 comments for this thread
2019-09-12 10:50:29,862 There are 17 answers to comments for this tread
2019-09-12 10:50:30,285 Scraping: https://us.forums.blizzard.com/en/wow/t/thank-you-ion/201645
2019-09-12 10:50:30,286 There are 3 pages for the thread
2019-09-12 10:50:30,286 There are 24 comments for this thread
2019-09-12 10:50:30,287 There are 2 answers to comments for this tread
2019-09-12 10:50:32,080 Scraping: https://us.forums.blizzard.com/en/wow/t/triple-the-spawn-rate-on-all-the-new-rares/213175
2019-09-12 10:50:32,084 There are 3 pages for the thread
2019-09-12 10:50:32,084 There are 39 comments for this thread
2019-09-12 10:50:32,084 There are 8 answers to comments for this tread
2019-09-12 10:50:32,609 Scraping: https://us.forums.blizzard.com/en/wow/t/the-difference-between-vol-jin-and-baine/162805
2019-09-12 10:50:32,610 There are 5 pages for the thread
2019-09-12 10:50:32,610 There are 78 comments for this thread
2019-09-12 10:50:32,611 There are 18 answers to comments for this tread
2019-09-12 10:50:34,735 Scraping: https://us.forums.blizzard.com/en/wow/t/lol-tuesday/243468
2019-09-12 10:50:34,736 There are 4 pages for the thread
2019-09-12 10:50:34,736 There are 54 comments for this thread
2019-09-12 10:50:34,736 There are 7 answers to comments for this tread
2019-09-12 10:50:34,880 Scraping: https://us.forums.blizzard.com/en/wow/t/my-expectations-for-the-next-expansion-are-high-heres-why/195460
2019-09-12 10:50:34,880 There are 5 pages for the thread
2019-09-12 10:50:34,881 There are 69 comments for this thread
2019-09-12 10:50:34,881 There are 37 answers to comments for this tread
2019-09-12 10:50:36,420 Scraping: https://us.forums.blizzard.com/en/wow/t/bonus-rolls-should-be-guaranteed-loot/88216
2019-09-12 10:50:36,421 There are 3 pages for the thread
2019-09-12 10:50:36,422 There are 35 comments for this thread
2019-09-12 10:50:36,422 There are 4 answers to comments for this tread
2019-09-12 10:50:38,640 Scraping: https://us.forums.blizzard.com/en/wow/t/i-dont-like-the-dont-you-guys-have-phones-meme/110244
2019-09-12 10:50:38,641 There are 4 pages for the thread
2019-09-12 10:50:38,641 There are 47 comments for this thread
2019-09-12 10:50:38,641 There are 13 answers to comments for this tread
2019-09-12 10:50:38,989 Scraping: https://us.forums.blizzard.com/en/wow/t/why-doesnt-blizzard-allow-mods/162282
2019-09-12 10:50:38,989 There are 7 pages for the thread
2019-09-12 10:50:38,990 There are 112 comments for this thread
2019-09-12 10:50:38,990 There are 61 answers to comments for this tread
2019-09-12 10:50:40,363 Scraping: https://us.forums.blizzard.com/en/wow/t/please-do-a-panderan-heritage-set/161442
2019-09-12 10:50:40,363 There are 3 pages for the thread
2019-09-12 10:50:40,364 There are 34 comments for this thread
2019-09-12 10:50:40,364 There are 7 answers to comments for this tread
2019-09-12 10:50:41,683 Scraping: https://us.forums.blizzard.com/en/wow/t/remember-when-wow-addiction-was-considered-a-problem/197794
2019-09-12 10:50:41,683 There are 5 pages for the thread
2019-09-12 10:50:41,684 There are 62 comments for this thread
2019-09-12 10:50:41,684 There are 25 answers to comments for this tread
2019-09-12 10:50:43,094 Scraping: https://us.forums.blizzard.com/en/wow/t/why-so-much-hate-for-8-2/214432
2019-09-12 10:50:43,095 There are 5 pages for the thread
2019-09-12 10:50:43,095 There are 61 comments for this thread
2019-09-12 10:50:43,095 There are 11 answers to comments for this tread
2019-09-12 10:50:44,418 Scraping: https://us.forums.blizzard.com/en/wow/t/the-state-of-things-in-wow-the-loss-of-twinks/130929
2019-09-12 10:50:44,419 There are 5 pages for the thread
2019-09-12 10:50:44,419 There are 68 comments for this thread
2019-09-12 10:50:44,420 There are 47 answers to comments for this tread
2019-09-12 10:50:45,153 Scraping: https://us.forums.blizzard.com/en/wow/t/is-there-a-way-to-ignore-certain-posters-on-the-forums/21469
2019-09-12 10:50:45,153 There are 4 pages for the thread
2019-09-12 10:50:45,154 There are 45 comments for this thread
2019-09-12 10:50:45,154 There are 6 answers to comments for this tread
2019-09-12 10:50:49,901 Scraping: https://us.forums.blizzard.com/en/wow/t/8-1-ie-doubloon-vendor-this-is-ridiculous-blizzard/18816
2019-09-12 10:50:49,901 There are 8 pages for the thread
2019-09-12 10:50:49,902 There are 130 comments for this thread
2019-09-12 10:50:49,902 There are 2 answers to comments for this tread
2019-09-12 10:50:51,385 Scraping: https://us.forums.blizzard.com/en/wow/t/vulpera-coming-8-2-5/157796
2019-09-12 10:50:51,386 There are 12 pages for the thread
2019-09-12 10:50:51,386 There are 209 comments for this thread
2019-09-12 10:50:51,387 There are 56 answers to comments for this tread
2019-09-12 10:50:51,399 Scraping: https://us.forums.blizzard.com/en/wow/t/little-abby-lewis/197392
2019-09-12 10:50:51,399 There are 3 pages for the thread
2019-09-12 10:50:51,399 There are 20 comments for this thread
2019-09-12 10:50:51,400 There are 1 answers to comments for this tread
2019-09-12 10:50:53,153 Scraping: https://us.forums.blizzard.com/en/wow/t/i-want-two-handed-frost-dk-back/49176
2019-09-12 10:50:53,153 There are 3 pages for the thread
2019-09-12 10:50:53,154 There are 36 comments for this thread
2019-09-12 10:50:53,154 There are 0 answers to comments for this tread
2019-09-12 10:50:53,587 Scraping: https://us.forums.blizzard.com/en/wow/t/seriously-no-hunter-changes/42103
2019-09-12 10:50:53,588 There are 4 pages for the thread
2019-09-12 10:50:53,588 There are 39 comments for this thread
2019-09-12 10:50:53,588 There are 17 answers to comments for this tread
2019-09-12 10:50:55,053 Scraping: https://us.forums.blizzard.com/en/wow/t/please-dont-nerf-iconic-class-abilities-just-to-make-your-dev-job-easier/213101
2019-09-12 10:50:55,053 There are 3 pages for the thread
2019-09-12 10:50:55,054 There are 22 comments for this thread
2019-09-12 10:50:55,054 There are 7 answers to comments for this tread
2019-09-12 10:50:55,537 Scraping: https://us.forums.blizzard.com/en/wow/t/burning-of-thunderbluff/216243
2019-09-12 10:50:55,538 There are 4 pages for the thread
2019-09-12 10:50:55,538 There are 59 comments for this thread
2019-09-12 10:50:55,538 There are 20 answers to comments for this tread
2019-09-12 10:50:57,696 Scraping: https://us.forums.blizzard.com/en/wow/t/what-are-peons/116852
2019-09-12 10:50:57,696 There are 5 pages for the thread
2019-09-12 10:50:57,696 There are 67 comments for this thread
2019-09-12 10:50:57,697 There are 22 answers to comments for this tread
2019-09-12 10:50:58,819 Scraping: https://us.forums.blizzard.com/en/wow/t/shirtless-transmogs/214653
2019-09-12 10:50:58,819 There are 6 pages for the thread
2019-09-12 10:50:58,820 There are 89 comments for this thread
2019-09-12 10:50:58,820 There are 30 answers to comments for this tread
2019-09-12 10:51:01,034 Scraping: https://us.forums.blizzard.com/en/wow/t/its-time-to-nerf-paladins-times-change-paladins-and-so-must-you/76173
2019-09-12 10:51:01,035 There are 6 pages for the thread
2019-09-12 10:51:01,035 There are 94 comments for this thread
2019-09-12 10:51:01,036 There are 25 answers to comments for this tread
2019-09-12 10:51:02,102 Scraping: https://us.forums.blizzard.com/en/wow/t/glory-to-the-alliance/81602
2019-09-12 10:51:02,104 There are 6 pages for the thread
2019-09-12 10:51:02,105 There are 89 comments for this thread
2019-09-12 10:51:02,105 There are 35 answers to comments for this tread
2019-09-12 10:51:03,148 Scraping: https://us.forums.blizzard.com/en/wow/t/just-hit-120-on-alt-7-doesnt-feel-good-or-like-an-accomplishment/178267
2019-09-12 10:51:03,149 There are 4 pages for the thread
2019-09-12 10:51:03,149 There are 46 comments for this thread
2019-09-12 10:51:03,150 There are 7 answers to comments for this tread
2019-09-12 10:51:04,281 Scraping: https://us.forums.blizzard.com/en/wow/t/space-out-zones/82526
2019-09-12 10:51:04,281 There are 4 pages for the thread
2019-09-12 10:51:04,282 There are 52 comments for this thread
2019-09-12 10:51:04,282 There are 18 answers to comments for this tread
2019-09-12 10:51:04,765 Scraping: https://us.forums.blizzard.com/en/wow/t/handle-flying-like-ffxiv-does/36928
2019-09-12 10:51:04,765 There are 3 pages for the thread
2019-09-12 10:51:04,765 There are 36 comments for this thread
2019-09-12 10:51:04,766 There are 9 answers to comments for this tread
2019-09-12 10:51:06,449 Scraping: https://us.forums.blizzard.com/en/wow/t/speed-runs-make-healing-frustrating/59201
2019-09-12 10:51:06,449 There are 3 pages for the thread
2019-09-12 10:51:06,450 There are 37 comments for this thread
2019-09-12 10:51:06,450 There are 7 answers to comments for this tread
2019-09-12 10:51:06,974 Scraping: https://us.forums.blizzard.com/en/wow/t/honor-v-s-loyalty-saurfangs-hypocrisy/129885
2019-09-12 10:51:06,975 There are 5 pages for the thread
2019-09-12 10:51:06,975 There are 63 comments for this thread
2019-09-12 10:51:06,976 There are 32 answers to comments for this tread
2019-09-12 10:51:08,606 Scraping: https://us.forums.blizzard.com/en/wow/t/weebs-players-are-the-cutest-thing/246803
2019-09-12 10:51:08,607 There are 3 pages for the thread
2019-09-12 10:51:08,607 There are 23 comments for this thread
2019-09-12 10:51:08,607 There are 3 answers to comments for this tread
2019-09-12 10:51:09,243 Scraping: https://us.forums.blizzard.com/en/wow/t/update-old-mount-tmog-textures/235329
2019-09-12 10:51:09,244 There are 5 pages for the thread
2019-09-12 10:51:09,244 There are 71 comments for this thread
2019-09-12 10:51:09,244 There are 16 answers to comments for this tread
2019-09-12 10:51:11,901 Scraping: https://us.forums.blizzard.com/en/wow/t/dead-game-anyone-else-experiencing-this/5101
2019-09-12 10:51:11,903 There are 5 pages for the thread
2019-09-12 10:51:11,904 There are 58 comments for this thread
2019-09-12 10:51:11,904 There are 4 answers to comments for this tread
2019-09-12 10:51:13,453 Scraping: https://us.forums.blizzard.com/en/wow/t/cleaning-up-the-character-selection-screen/73744
2019-09-12 10:51:13,454 There are 3 pages for the thread
2019-09-12 10:51:13,454 There are 23 comments for this thread
2019-09-12 10:51:13,454 There are 2 answers to comments for this tread
2019-09-12 10:51:15,103 Scraping: https://us.forums.blizzard.com/en/wow/t/please-let-alliance-kill-usha-eyegouge-in-lore/60907
2019-09-12 10:51:15,104 There are 3 pages for the thread
2019-09-12 10:51:15,104 There are 31 comments for this thread
2019-09-12 10:51:15,104 There are 10 answers to comments for this tread
2019-09-12 10:51:15,544 Scraping: https://us.forums.blizzard.com/en/wow/t/late-flyers-or-very-late-report-in/219284
2019-09-12 10:51:15,544 There are 12 pages for the thread
2019-09-12 10:51:15,545 There are 215 comments for this thread
2019-09-12 10:51:15,545 There are 30 answers to comments for this tread
2019-09-12 10:51:16,641 Scraping: https://us.forums.blizzard.com/en/wow/t/vanilla-timewalking/212346
2019-09-12 10:51:16,642 There are 3 pages for the thread
2019-09-12 10:51:16,642 There are 19 comments for this thread
2019-09-12 10:51:16,642 There are 3 answers to comments for this tread
2019-09-12 10:51:17,800 Scraping: https://us.forums.blizzard.com/en/wow/t/removing-banned-account/66676
2019-09-12 10:51:17,801 There are 4 pages for the thread
2019-09-12 10:51:17,801 There are 58 comments for this thread
2019-09-12 10:51:17,801 There are 16 answers to comments for this tread
2019-09-12 10:51:20,103 Scraping: https://us.forums.blizzard.com/en/wow/t/no-renewing-my-sub-as-long-as-premades-show-up-in-casual-bgs/105624
2019-09-12 10:51:20,103 There are 4 pages for the thread
2019-09-12 10:51:20,104 There are 45 comments for this thread
2019-09-12 10:51:20,104 There are 28 answers to comments for this tread
2019-09-12 10:51:21,116 Scraping: https://us.forums.blizzard.com/en/wow/t/gnome-haters-why/161638
2019-09-12 10:51:21,116 There are 8 pages for the thread
2019-09-12 10:51:21,117 There are 121 comments for this thread
2019-09-12 10:51:21,117 There are 33 answers to comments for this tread
2019-09-12 10:51:25,057 Scraping: https://us.forums.blizzard.com/en/wow/t/new-allied-races-suck-for-horde/151731
2019-09-12 10:51:25,058 There are 7 pages for the thread
2019-09-12 10:51:25,058 There are 109 comments for this thread
2019-09-12 10:51:25,058 There are 18 answers to comments for this tread
2019-09-12 10:51:25,358 Scraping: https://us.forums.blizzard.com/en/wow/t/if-blizzard-hands-tinkers-to-every-race/294097
2019-09-12 10:51:25,358 There are 9 pages for the thread
2019-09-12 10:51:25,358 There are 153 comments for this thread
2019-09-12 10:51:25,359 There are 77 answers to comments for this tread
2019-09-12 10:51:27,944 Scraping: https://us.forums.blizzard.com/en/wow/t/bring-back-the-garrison/145705
2019-09-12 10:51:27,945 There are 5 pages for the thread
2019-09-12 10:51:27,945 There are 67 comments for this thread
2019-09-12 10:51:27,945 There are 18 answers to comments for this tread
2019-09-12 10:51:27,964 Scraping: https://us.forums.blizzard.com/en/wow/t/what-makes-you-mad-in-bfa/151036
2019-09-12 10:51:27,965 There are 5 pages for the thread
2019-09-12 10:51:27,965 There are 58 comments for this thread
2019-09-12 10:51:27,966 There are 5 answers to comments for this tread
2019-09-12 10:51:30,626 Scraping: https://us.forums.blizzard.com/en/wow/t/why-work-a-second-job/112741
2019-09-12 10:51:30,627 There are 5 pages for the thread
2019-09-12 10:51:30,627 There are 65 comments for this thread
2019-09-12 10:51:30,627 There are 29 answers to comments for this tread
2019-09-12 10:51:31,373 Scraping: https://us.forums.blizzard.com/en/wow/t/the-silent-majority-on-portals-remove-them/117644
2019-09-12 10:51:31,374 There are 6 pages for the thread
2019-09-12 10:51:31,375 There are 94 comments for this thread
2019-09-12 10:51:31,375 There are 25 answers to comments for this tread
2019-09-12 10:51:32,762 Scraping: https://us.forums.blizzard.com/en/wow/t/i-want-a-dragon-focused-expansion/133407
2019-09-12 10:51:32,765 There are 4 pages for the thread
2019-09-12 10:51:32,765 There are 53 comments for this thread
2019-09-12 10:51:32,765 There are 13 answers to comments for this tread
2019-09-12 10:51:33,084 Scraping: https://us.forums.blizzard.com/en/wow/t/darkshore-questline-and-new-warfront/45133
2019-09-12 10:51:33,084 There are 3 pages for the thread
2019-09-12 10:51:33,084 There are 31 comments for this thread
2019-09-12 10:51:33,085 There are 15 answers to comments for this tread
2019-09-12 10:51:37,399 Scraping: https://us.forums.blizzard.com/en/wow/t/sylvanas-is-done-for-spoilers/125122
2019-09-12 10:51:37,399 There are 8 pages for the thread
2019-09-12 10:51:37,400 There are 121 comments for this thread
2019-09-12 10:51:37,400 There are 81 answers to comments for this tread
2019-09-12 10:51:37,514 Scraping: https://us.forums.blizzard.com/en/wow/t/sooo-does-horde-get-2-400-ilvl-weeklies-too/87460
2019-09-12 10:51:37,515 There are 8 pages for the thread
2019-09-12 10:51:37,515 There are 119 comments for this thread
2019-09-12 10:51:37,516 There are 92 answers to comments for this tread
2019-09-12 10:51:39,579 Scraping: https://us.forums.blizzard.com/en/wow/t/call-to-arms-boycott-esports/190263
2019-09-12 10:51:39,579 There are 4 pages for the thread
2019-09-12 10:51:39,579 There are 53 comments for this thread
2019-09-12 10:51:39,580 There are 18 answers to comments for this tread
2019-09-12 10:51:41,253 Scraping: https://us.forums.blizzard.com/en/wow/t/blizzard-should-require-authenticators/225254
2019-09-12 10:51:41,254 There are 7 pages for the thread
2019-09-12 10:51:41,254 There are 99 comments for this thread
2019-09-12 10:51:41,254 There are 58 answers to comments for this tread
2019-09-12 10:51:41,615 Scraping: https://us.forums.blizzard.com/en/wow/t/you-know-what-the-alliance-needs/200269
2019-09-12 10:51:41,616 There are 4 pages for the thread
2019-09-12 10:51:41,616 There are 38 comments for this thread
2019-09-12 10:51:41,616 There are 8 answers to comments for this tread
2019-09-12 10:51:43,945 Scraping: https://us.forums.blizzard.com/en/wow/t/i-dont-understand-what-everyone-is-complaining-about/26770
2019-09-12 10:51:43,946 There are 4 pages for the thread
2019-09-12 10:51:43,946 There are 48 comments for this thread
2019-09-12 10:51:43,947 There are 13 answers to comments for this tread
2019-09-12 10:51:44,045 Scraping: https://us.forums.blizzard.com/en/wow/t/what-if-saurfang-is-going-to-get-thrall/58562
2019-09-12 10:51:44,046 There are 5 pages for the thread
2019-09-12 10:51:44,046 There are 74 comments for this thread
2019-09-12 10:51:44,047 There are 10 answers to comments for this tread
2019-09-12 10:51:45,783 Scraping: https://us.forums.blizzard.com/en/wow/t/i-dont-like-mechagon/208306
2019-09-12 10:51:45,784 There are 3 pages for the thread
2019-09-12 10:51:45,784 There are 36 comments for this thread
2019-09-12 10:51:45,785 There are 6 answers to comments for this tread
2019-09-12 10:51:46,083 Scraping: https://us.forums.blizzard.com/en/wow/t/let-us-level-anywhere/205756
2019-09-12 10:51:46,084 There are 4 pages for the thread
2019-09-12 10:51:46,084 There are 47 comments for this thread
2019-09-12 10:51:46,084 There are 23 answers to comments for this tread
2019-09-12 10:51:47,449 Scraping: https://us.forums.blizzard.com/en/wow/t/awesome-game-blizz/80704
2019-09-12 10:51:47,449 There are 3 pages for the thread
2019-09-12 10:51:47,449 There are 18 comments for this thread
2019-09-12 10:51:47,450 There are 1 answers to comments for this tread
2019-09-12 10:51:50,154 Scraping: https://us.forums.blizzard.com/en/wow/t/im-horde-and-i-got-2-ilvl-400-pieces-of-gear-today/86278
2019-09-12 10:51:50,154 There are 8 pages for the thread
2019-09-12 10:51:50,155 There are 130 comments for this thread
2019-09-12 10:51:50,155 There are 49 answers to comments for this tread
2019-09-12 10:51:51,375 Scraping: https://us.forums.blizzard.com/en/wow/t/so-why-did-sylvanas-try-to-kill-thrall/174775
2019-09-12 10:51:51,376 There are 7 pages for the thread
2019-09-12 10:51:51,376 There are 111 comments for this thread
2019-09-12 10:51:51,376 There are 38 answers to comments for this tread
2019-09-12 10:51:52,747 Scraping: https://us.forums.blizzard.com/en/wow/t/cat-form-falling-damage-is-unrealistic/258058
2019-09-12 10:51:52,748 There are 4 pages for the thread
2019-09-12 10:51:52,748 There are 44 comments for this thread
2019-09-12 10:51:52,748 There are 12 answers to comments for this tread
2019-09-12 10:51:54,583 Scraping: https://us.forums.blizzard.com/en/wow/t/hate-to-burst-your-bubble-anduin-wrathion-fans/241161
2019-09-12 10:51:54,583 There are 5 pages for the thread
2019-09-12 10:51:54,584 There are 66 comments for this thread
2019-09-12 10:51:54,584 There are 31 answers to comments for this tread
2019-09-12 10:51:54,977 Scraping: https://us.forums.blizzard.com/en/wow/t/blizzard-made-feral-the-worst-spec-again/45801
2019-09-12 10:51:54,978 There are 3 pages for the thread
2019-09-12 10:51:54,978 There are 33 comments for this thread
2019-09-12 10:51:54,979 There are 6 answers to comments for this tread
2019-09-12 10:51:57,947 Scraping: https://us.forums.blizzard.com/en/wow/t/why-should-i-continue-to-help-traitors-like-genn-and-tyrande/185351
2019-09-12 10:51:57,947 There are 5 pages for the thread
2019-09-12 10:51:57,948 There are 57 comments for this thread
2019-09-12 10:51:57,948 There are 18 answers to comments for this tread
2019-09-12 10:52:00,864 Scraping: https://us.forums.blizzard.com/en/wow/t/why-dont-we-have-full-heirlooms-yet/118713
2019-09-12 10:52:00,864 There are 5 pages for the thread
2019-09-12 10:52:00,865 There are 63 comments for this thread
2019-09-12 10:52:00,865 There are 34 answers to comments for this tread
2019-09-12 10:52:02,158 Scraping: https://us.forums.blizzard.com/en/wow/t/grumpy-cat-memorial/255199
2019-09-12 10:52:02,161 There are 2 pages for the thread
2019-09-12 10:52:02,162 There are 15 comments for this thread
2019-09-12 10:52:02,162 There are 2 answers to comments for this tread
2019-09-12 10:52:04,294 Scraping: https://us.forums.blizzard.com/en/wow/t/level-squish-questionnaire-going-out/197992
2019-09-12 10:52:04,295 There are 16 pages for the thread
2019-09-12 10:52:04,295 There are 280 comments for this thread
2019-09-12 10:52:04,296 There are 88 answers to comments for this tread
2019-09-12 10:52:06,551 Scraping: https://us.forums.blizzard.com/en/wow/t/top-end-players-more-likely-to-be-toxic/142664
2019-09-12 10:52:06,552 There are 7 pages for the thread
2019-09-12 10:52:06,553 There are 106 comments for this thread
2019-09-12 10:52:06,553 There are 42 answers to comments for this tread
2019-09-12 10:52:06,676 Scraping: https://us.forums.blizzard.com/en/wow/t/one-more-week/116263
2019-09-12 10:52:06,677 There are 4 pages for the thread
2019-09-12 10:52:06,677 There are 56 comments for this thread
2019-09-12 10:52:06,678 There are 22 answers to comments for this tread
2019-09-12 10:52:09,934 Scraping: https://us.forums.blizzard.com/en/wow/t/eso-vs-gw2-what-game-should-i-play/21896
2019-09-12 10:52:09,934 There are 5 pages for the thread
2019-09-12 10:52:09,935 There are 73 comments for this thread
2019-09-12 10:52:09,935 There are 5 answers to comments for this tread
2019-09-12 10:52:10,998 Scraping: https://us.forums.blizzard.com/en/wow/t/the-fate-of-sylvanas/60125
2019-09-12 10:52:11,002 There are 7 pages for the thread
2019-09-12 10:52:11,003 There are 113 comments for this thread
2019-09-12 10:52:11,003 There are 32 answers to comments for this tread
2019-09-12 10:52:11,849 Scraping: https://us.forums.blizzard.com/en/wow/t/worgen-progress/239912
2019-09-12 10:52:11,849 There are 3 pages for the thread
2019-09-12 10:52:11,850 There are 38 comments for this thread
2019-09-12 10:52:11,850 There are 12 answers to comments for this tread
2019-09-12 10:52:12,747 Scraping: https://us.forums.blizzard.com/en/wow/t/8-hour-downtime-tomorrow/206441
2019-09-12 10:52:12,748 There are 3 pages for the thread
2019-09-12 10:52:12,748 There are 34 comments for this thread
2019-09-12 10:52:12,749 There are 5 answers to comments for this tread
2019-09-12 10:52:14,313 Scraping: https://us.forums.blizzard.com/en/wow/t/thin-kultirans-a-playable-race/230068
2019-09-12 10:52:14,314 There are 4 pages for the thread
2019-09-12 10:52:14,314 There are 51 comments for this thread
2019-09-12 10:52:14,314 There are 16 answers to comments for this tread
